WARNING:root:Start training, with
batch_szie: 16
Epoche: 10
Learning_rate: 1.000000
K: 10
INFO:root:Device: cuda
INFO:root:Start epoche 0:
INFO:root:Accuracy at step 376:
train: 0.098167	valid: 0.103667
INFO:root:Accuracy at step 751:
train: 0.105500	valid: 0.097167
INFO:root:Accuracy at step 1126:
train: 0.099833	valid: 0.102167
INFO:root:Accuracy at step 1501:
train: 0.105333	valid: 0.105500
INFO:root:Accuracy at step 1876:
train: 0.099667	valid: 0.097167
INFO:root:Accuracy at step 2251:
train: 0.103167	valid: 0.096667
INFO:root:Accuracy at step 2626:
train: 0.099833	valid: 0.093667
INFO:root:Accuracy at step 3001:
train: 0.097000	valid: 0.101667
INFO:root:Accuracy at step 3376:
train: 0.101333	valid: 0.099500
INFO:root:Start epoche 1:
INFO:root:Accuracy at step 3751:
train: 0.108500	valid: 0.095667
INFO:root:Accuracy at step 4126:
train: 0.107500	valid: 0.102167
INFO:root:Accuracy at step 4501:
train: 0.102167	valid: 0.097167
INFO:root:Accuracy at step 4876:
train: 0.102333	valid: 0.096667
INFO:root:Accuracy at step 5251:
train: 0.098833	valid: 0.099500
INFO:root:Accuracy at step 5626:
train: 0.101500	valid: 0.105500
INFO:root:Accuracy at step 6001:
train: 0.104500	valid: 0.096667
INFO:root:Accuracy at step 6376:
train: 0.105000	valid: 0.105500
INFO:root:Accuracy at step 6751:
train: 0.090667	valid: 0.101667
INFO:root:Start epoche 2:
INFO:root:Accuracy at step 7126:
train: 0.102000	valid: 0.102167
INFO:root:Accuracy at step 7501:
train: 0.107500	valid: 0.102167
INFO:root:Accuracy at step 7876:
train: 0.108000	valid: 0.095667
INFO:root:Accuracy at step 8251:
train: 0.094833	valid: 0.097167
INFO:root:Accuracy at step 8626:
train: 0.101500	valid: 0.105500
INFO:root:Accuracy at step 9001:
train: 0.094333	valid: 0.097167
INFO:root:Accuracy at step 9376:
train: 0.104500	valid: 0.096667
INFO:root:Accuracy at step 9751:
train: 0.099833	valid: 0.103667
INFO:root:Accuracy at step 10126:
train: 0.103500	valid: 0.093667
INFO:root:Start epoche 3:
INFO:root:Accuracy at step 10501:
train: 0.103333	valid: 0.097167
INFO:root:Accuracy at step 10876:
train: 0.105500	valid: 0.097167
INFO:root:Accuracy at step 11251:
train: 0.099833	valid: 0.102167
INFO:root:Accuracy at step 11626:
train: 0.107500	valid: 0.104333
INFO:root:Accuracy at step 12001:
train: 0.099833	valid: 0.093667
INFO:root:Accuracy at step 12376:
train: 0.096667	valid: 0.099500
INFO:root:Accuracy at step 12751:
train: 0.099667	valid: 0.101667
INFO:root:Accuracy at step 13126:
train: 0.100833	valid: 0.102167
INFO:root:Accuracy at step 13501:
train: 0.096167	valid: 0.104333
INFO:root:Start epoche 4:
INFO:root:Accuracy at step 13876:
train: 0.089333	valid: 0.105500
INFO:root:Accuracy at step 14251:
train: 0.101000	valid: 0.104333
INFO:root:Accuracy at step 14626:
train: 0.099833	valid: 0.099500
INFO:root:Accuracy at step 15001:
train: 0.099500	valid: 0.099500
INFO:root:Accuracy at step 15376:
train: 0.102667	valid: 0.101667
INFO:root:Accuracy at step 15751:
train: 0.101833	valid: 0.093667
INFO:root:Accuracy at step 16126:
train: 0.098833	valid: 0.102167
INFO:root:Accuracy at step 16501:
train: 0.100833	valid: 0.102167
INFO:root:Accuracy at step 16876:
train: 0.101833	valid: 0.097167
INFO:root:Start epoche 5:
INFO:root:Accuracy at step 17251:
train: 0.108500	valid: 0.095667
INFO:root:Accuracy at step 17626:
train: 0.098167	valid: 0.103667
INFO:root:Accuracy at step 18001:
train: 0.094500	valid: 0.104333
INFO:root:Accuracy at step 18376:
train: 0.106333	valid: 0.093667
INFO:root:Accuracy at step 18751:
train: 0.102167	valid: 0.096667
INFO:root:Accuracy at step 19126:
train: 0.102333	valid: 0.101667
INFO:root:Accuracy at step 19501:
train: 0.100333	valid: 0.105500
INFO:root:Accuracy at step 19876:
train: 0.097500	valid: 0.093667
INFO:root:Accuracy at step 20251:
train: 0.102167	valid: 0.096667
INFO:root:Start epoche 6:
INFO:root:Accuracy at step 20626:
train: 0.089333	valid: 0.105500
INFO:root:Accuracy at step 21001:
train: 0.104667	valid: 0.101667
INFO:root:Accuracy at step 21376:
train: 0.096500	valid: 0.103667
INFO:root:Accuracy at step 21751:
train: 0.105333	valid: 0.105500
INFO:root:Accuracy at step 22126:
train: 0.102833	valid: 0.104333
INFO:root:Accuracy at step 22501:
train: 0.101833	valid: 0.093667
INFO:root:Accuracy at step 22876:
train: 0.100833	valid: 0.104333
INFO:root:Accuracy at step 23251:
train: 0.095667	valid: 0.096667
INFO:root:Accuracy at step 23626:
train: 0.099833	valid: 0.105500
INFO:root:Start epoche 7:
INFO:root:Accuracy at step 24001:
train: 0.099833	valid: 0.096667
INFO:root:Accuracy at step 24376:
train: 0.098167	valid: 0.103667
INFO:root:Accuracy at step 24751:
train: 0.097667	valid: 0.101667
INFO:root:Accuracy at step 25126:
train: 0.099000	valid: 0.103667
INFO:root:Accuracy at step 25501:
train: 0.098833	valid: 0.099500
INFO:root:Accuracy at step 25876:
train: 0.097833	valid: 0.095667
INFO:root:Accuracy at step 26251:
train: 0.099833	valid: 0.093667
INFO:root:Accuracy at step 26626:
train: 0.097500	valid: 0.093667
INFO:root:Accuracy at step 27001:
train: 0.099833	valid: 0.105500
INFO:root:Start epoche 8:
INFO:root:Accuracy at step 27376:
train: 0.108500	valid: 0.095667
INFO:root:Accuracy at step 27751:
train: 0.104667	valid: 0.101667
INFO:root:Accuracy at step 28126:
train: 0.108000	valid: 0.095667
INFO:root:Accuracy at step 28501:
train: 0.107500	valid: 0.104333
INFO:root:Accuracy at step 28876:
train: 0.102167	valid: 0.096667
INFO:root:Accuracy at step 29251:
train: 0.094333	valid: 0.097167
INFO:root:Accuracy at step 29626:
train: 0.098833	valid: 0.102167
INFO:root:Accuracy at step 30001:
train: 0.095667	valid: 0.096667
INFO:root:Accuracy at step 30376:
train: 0.105667	valid: 0.095667
INFO:root:Start epoche 9:
INFO:root:Accuracy at step 30751:
train: 0.098833	valid: 0.104333
INFO:root:Accuracy at step 31126:
train: 0.107500	valid: 0.102167
INFO:root:Accuracy at step 31501:
train: 0.107000	valid: 0.093667
INFO:root:Accuracy at step 31876:
train: 0.099000	valid: 0.103667
INFO:root:Accuracy at step 32251:
train: 0.098833	valid: 0.099500
INFO:root:Accuracy at step 32626:
train: 0.102333	valid: 0.101667
INFO:root:Accuracy at step 33001:
train: 0.107333	valid: 0.099500
INFO:root:Accuracy at step 33376:
train: 0.105000	valid: 0.105500
INFO:root:Accuracy at step 33751:
train: 0.101333	valid: 0.099500
INFO:root:Epoche 9 finished, time usage:14.850314
WARNING:root:Start training, with
batch_szie: 16
Epoche: 10
Learning_rate: 0.100000
K: 10
INFO:root:Device: cuda
INFO:root:Start epoche 0:
INFO:root:Accuracy at step 376:
train: 0.689000	valid: 0.689333
INFO:root:Accuracy at step 751:
train: 0.512500	valid: 0.502667
INFO:root:Accuracy at step 1126:
train: 0.469500	valid: 0.467167
INFO:root:Accuracy at step 1501:
train: 0.102167	valid: 0.100333
INFO:root:Accuracy at step 1876:
train: 0.099500	valid: 0.107333
INFO:root:Accuracy at step 2251:
train: 0.102667	valid: 0.099667
INFO:root:Accuracy at step 2626:
train: 0.102833	valid: 0.098833
INFO:root:Accuracy at step 3001:
train: 0.097500	valid: 0.099833
INFO:root:Accuracy at step 3376:
train: 0.102167	valid: 0.104500
INFO:root:Start epoche 1:
INFO:root:Accuracy at step 3751:
train: 0.108500	valid: 0.092333
INFO:root:Accuracy at step 4126:
train: 0.105500	valid: 0.100333
INFO:root:Accuracy at step 4501:
train: 0.105500	valid: 0.100333
INFO:root:Accuracy at step 4876:
train: 0.096667	valid: 0.104500
INFO:root:Accuracy at step 5251:
train: 0.099000	valid: 0.096000
INFO:root:Accuracy at step 5626:
train: 0.099667	valid: 0.100333
INFO:root:Accuracy at step 6001:
train: 0.102333	valid: 0.099667
INFO:root:Accuracy at step 6376:
train: 0.097000	valid: 0.099667
INFO:root:Accuracy at step 6751:
train: 0.099833	valid: 0.100333
INFO:root:Start epoche 2:
INFO:root:Accuracy at step 7126:
train: 0.097333	valid: 0.107333
INFO:root:Accuracy at step 7501:
train: 0.103667	valid: 0.096000
INFO:root:Accuracy at step 7876:
train: 0.105500	valid: 0.100333
INFO:root:Accuracy at step 8251:
train: 0.099833	valid: 0.098833
INFO:root:Accuracy at step 8626:
train: 0.105333	valid: 0.100333
INFO:root:Accuracy at step 9001:
train: 0.102667	valid: 0.099667
INFO:root:Accuracy at step 9376:
train: 0.096667	valid: 0.107333
INFO:root:Accuracy at step 9751:
train: 0.100833	valid: 0.098833
INFO:root:Accuracy at step 10126:
train: 0.101333	valid: 0.107333
INFO:root:Start epoche 3:
INFO:root:Accuracy at step 10501:
train: 0.108500	valid: 0.092333
INFO:root:Accuracy at step 10876:
train: 0.095667	valid: 0.092333
INFO:root:Accuracy at step 11251:
train: 0.107500	valid: 0.098833
INFO:root:Accuracy at step 11626:
train: 0.108000	valid: 0.092333
INFO:root:Accuracy at step 12001:
train: 0.106333	valid: 0.099833
INFO:root:Accuracy at step 12376:
train: 0.097500	valid: 0.092333
INFO:root:Accuracy at step 12751:
train: 0.101833	valid: 0.099833
INFO:root:Accuracy at step 13126:
train: 0.098333	valid: 0.107333
INFO:root:Accuracy at step 13501:
train: 0.103500	valid: 0.099833
INFO:root:Start epoche 4:
INFO:root:Accuracy at step 13876:
train: 0.103333	valid: 0.100333
INFO:root:Accuracy at step 14251:
train: 0.096667	valid: 0.104500
INFO:root:Accuracy at step 14626:
train: 0.105500	valid: 0.100333
INFO:root:Accuracy at step 15001:
train: 0.099833	valid: 0.107333
INFO:root:Accuracy at step 15376:
train: 0.105333	valid: 0.100333
INFO:root:Accuracy at step 15751:
train: 0.099833	valid: 0.099833
INFO:root:Accuracy at step 16126:
train: 0.102833	valid: 0.098833
INFO:root:Accuracy at step 16501:
train: 0.098333	valid: 0.107333
INFO:root:Accuracy at step 16876:
train: 0.102167	valid: 0.104500
INFO:root:Start epoche 5:
INFO:root:Accuracy at step 17251:
train: 0.108500	valid: 0.092333
INFO:root:Accuracy at step 17626:
train: 0.095667	valid: 0.092333
INFO:root:Accuracy at step 18001:
train: 0.107500	valid: 0.098833
INFO:root:Accuracy at step 18376:
train: 0.099833	valid: 0.107333
INFO:root:Accuracy at step 18751:
train: 0.107500	valid: 0.100833
INFO:root:Accuracy at step 19126:
train: 0.102667	valid: 0.099667
INFO:root:Accuracy at step 19501:
train: 0.097833	valid: 0.092333
INFO:root:Accuracy at step 19876:
train: 0.105833	valid: 0.092333
INFO:root:Accuracy at step 20251:
train: 0.103500	valid: 0.099833
INFO:root:Start epoche 6:
INFO:root:Accuracy at step 20626:
train: 0.099833	valid: 0.104500
INFO:root:Accuracy at step 21001:
train: 0.103667	valid: 0.096000
INFO:root:Accuracy at step 21376:
train: 0.101000	valid: 0.100833
INFO:root:Accuracy at step 21751:
train: 0.094500	valid: 0.100833
INFO:root:Accuracy at step 22126:
train: 0.107500	valid: 0.100833
INFO:root:Accuracy at step 22501:
train: 0.097500	valid: 0.092333
INFO:root:Accuracy at step 22876:
train: 0.103167	valid: 0.104500
INFO:root:Accuracy at step 23251:
train: 0.105833	valid: 0.092333
INFO:root:Accuracy at step 23626:
train: 0.101833	valid: 0.100333
INFO:root:Start epoche 7:
INFO:root:Accuracy at step 24001:
train: 0.106833	valid: 0.099667
INFO:root:Accuracy at step 24376:
train: 0.105500	valid: 0.100333
INFO:root:Accuracy at step 24751:
train: 0.101333	valid: 0.107333
INFO:root:Accuracy at step 25126:
train: 0.108000	valid: 0.092333
INFO:root:Accuracy at step 25501:
train: 0.102333	valid: 0.104500
INFO:root:Accuracy at step 25876:
train: 0.097500	valid: 0.092333
INFO:root:Accuracy at step 26251:
train: 0.101500	valid: 0.100333
INFO:root:Accuracy at step 26626:
train: 0.099833	valid: 0.096000
INFO:root:Accuracy at step 27001:
train: 0.103500	valid: 0.099833
INFO:root:Start epoche 8:
INFO:root:Accuracy at step 27376:
train: 0.099833	valid: 0.104500
INFO:root:Accuracy at step 27751:
train: 0.105500	valid: 0.100333
INFO:root:Accuracy at step 28126:
train: 0.094667	valid: 0.099833
INFO:root:Accuracy at step 28501:
train: 0.096667	valid: 0.104500
INFO:root:Accuracy at step 28876:
train: 0.106333	valid: 0.099833
INFO:root:Accuracy at step 29251:
train: 0.102667	valid: 0.099667
INFO:root:Accuracy at step 29626:
train: 0.104667	valid: 0.096000
INFO:root:Accuracy at step 30001:
train: 0.105833	valid: 0.092333
INFO:root:Accuracy at step 30376:
train: 0.104000	valid: 0.096000
INFO:root:Start epoche 9:
INFO:root:Accuracy at step 30751:
train: 0.097333	valid: 0.107333
INFO:root:Accuracy at step 31126:
train: 0.099500	valid: 0.107333
INFO:root:Accuracy at step 31501:
train: 0.104667	valid: 0.099667
INFO:root:Accuracy at step 31876:
train: 0.107000	valid: 0.099833
INFO:root:Accuracy at step 32251:
train: 0.106333	valid: 0.099833
INFO:root:Accuracy at step 32626:
train: 0.101500	valid: 0.100333
INFO:root:Accuracy at step 33001:
train: 0.103167	valid: 0.104500
INFO:root:Accuracy at step 33376:
train: 0.105000	valid: 0.100333
INFO:root:Accuracy at step 33751:
train: 0.103500	valid: 0.099833
INFO:root:Epoche 9 finished, time usage:16.512006
WARNING:root:Start training, with
batch_szie: 16
Epoche: 10
Learning_rate: 0.010000
K: 10
INFO:root:Device: cuda
INFO:root:Start epoche 0:
INFO:root:Accuracy at step 376:
train: 0.853833	valid: 0.816667
INFO:root:Accuracy at step 751:
train: 0.822667	valid: 0.778667
INFO:root:Accuracy at step 1126:
train: 0.906500	valid: 0.864167
INFO:root:Accuracy at step 1501:
train: 0.882667	valid: 0.854500
INFO:root:Accuracy at step 1876:
train: 0.869667	valid: 0.844167
INFO:root:Accuracy at step 2251:
train: 0.887000	valid: 0.844833
INFO:root:Accuracy at step 2626:
train: 0.896833	valid: 0.855833
INFO:root:Accuracy at step 3001:
train: 0.901833	valid: 0.869833
INFO:root:Accuracy at step 3376:
train: 0.896333	valid: 0.864500
INFO:root:Start epoche 1:
INFO:root:Accuracy at step 3751:
train: 0.892167	valid: 0.859167
INFO:root:Accuracy at step 4126:
train: 0.912667	valid: 0.869000
INFO:root:Accuracy at step 4501:
train: 0.889833	valid: 0.855500
INFO:root:Accuracy at step 4876:
train: 0.875667	valid: 0.844333
